<?xml version="1.0" encoding="UTF-8"?>
<testng-results ignored="0" total="2" passed="2" failed="0" skipped="0">
  <reporter-output>
  </reporter-output>
  <suite started-at="2024-02-16T09:34:01 PST" name="Suite" finished-at="2024-02-16T09:34:24 PST" duration-ms="22470">
    <groups>
      <group name="reg">
        <method signature="TC_DoctorDepartment.login()[pri:1, instance:com.testcases.TC_DoctorDepartment@2f4948e4]" name="login" class="com.testcases.TC_DoctorDepartment"/>
        <method signature="TC_DoctorDepartment.DoctorDept()[pri:2, instance:com.testcases.TC_DoctorDepartment@2f4948e4]" name="DoctorDept" class="com.testcases.TC_DoctorDepartment"/>
      </group> <!-- reg -->
    </groups>
    <test started-at="2024-02-16T09:34:01 PST" name="Test" finished-at="2024-02-16T09:34:24 PST" duration-ms="22470">
      <class name="com.testcases.TC_DoctorDepartment">
        <test-method is-config="true" signature="url_lunch()[pri:0, instance:com.testcases.TC_DoctorDepartment@2f4948e4]" started-at="2024-02-16T09:34:01 PST" name="url_lunch" finished-at="2024-02-16T09:34:11 PST" duration-ms="9182" status="PASS">
          <reporter-output>
          </reporter-output>
        </test-method> <!-- url_lunch -->
        <test-method signature="login()[pri:1, instance:com.testcases.TC_DoctorDepartment@2f4948e4]" started-at="2024-02-16T09:34:11 PST" name="login" finished-at="2024-02-16T09:34:14 PST" duration-ms="3839" status="PASS">
          <reporter-output>
          </reporter-output>
        </test-method> <!-- login -->
        <test-method signature="DoctorDept()[pri:2, instance:com.testcases.TC_DoctorDepartment@2f4948e4]" started-at="2024-02-16T09:34:14 PST" name="DoctorDept" finished-at="2024-02-16T09:34:24 PST" duration-ms="9361" status="PASS">
          <reporter-output>
          </reporter-output>
        </test-method> <!-- DoctorDept -->
      </class> <!-- com.testcases.TC_DoctorDepartment -->
    </test> <!-- Test -->
  </suite> <!-- Suite -->
</testng-results>
