<?xml version="1.0" encoding="UTF-8"?>
<!-- Generated by org.testng.reporters.JUnitXMLReporter -->
<testsuite ignored="5" hostname="DESKTOP-94V3IF0" failures="0" tests="2" name="Test" time="22.47" errors="0" timestamp="2024-02-16T09:34:24 PST">
  <testcase classname="com.testcases.TC_DoctorDepartment" name="login" time="3.839"/>
  <testcase classname="com.testcases.TC_DoctorDepartment" name="DoctorDept" time="9.361"/>
  <testcase classname="com.testcases.TC_doctors" name="doctorsTest" time="0.0">
    <ignored/>
  </testcase> <!-- doctorsTest -->
  <testcase classname="com.testcases.TC_DoctorDepartment" name="dEdit" time="0.0">
    <ignored/>
  </testcase> <!-- dEdit -->
  <testcase classname="com.testcases.Tc_login" name="loginTest" time="0.0">
    <ignored/>
  </testcase> <!-- loginTest -->
  <testcase classname="com.testcases.TC_DoctorDepartment" name="dDelete" time="0.0">
    <ignored/>
  </testcase> <!-- dDelete -->
  <testcase classname="com.testcases.TC_doctors" name="logintest" time="0.0">
    <ignored/>
  </testcase> <!-- logintest -->
</testsuite> <!-- Test -->
